d:\проекты\projects_for_balsa\projects_for_balsa\debug\vc142.pdb
d:\проекты\projects_for_balsa\projects_for_balsa\debug\vc142.idb
d:\проекты\projects_for_balsa\projects_for_balsa\debug\userstringsizearray.obj
d:\проекты\projects_for_balsa\projects_for_balsa\debug\usersizearray.obj
d:\проекты\projects_for_balsa\projects_for_balsa\debug\usercolumnsizearray.obj
d:\проекты\projects_for_balsa\projects_for_balsa\debug\symbols.obj
d:\проекты\projects_for_balsa\projects_for_balsa\debug\stdafx.obj
d:\проекты\projects_for_balsa\projects_for_balsa\debug\seminar3.obj
d:\проекты\projects_for_balsa\projects_for_balsa\debug\sum_ellements.obj
d:\проекты\projects_for_balsa\projects_for_balsa\debug\seminar5.obj
d:\проекты\projects_for_balsa\projects_for_balsa\debug\seminar4.obj
d:\проекты\projects_for_balsa\projects_for_balsa\debug\saddle.obj
d:\проекты\projects_for_balsa\projects_for_balsa\debug\point_searching.obj
d:\проекты\projects_for_balsa\projects_for_balsa\debug\output_double_array.obj
d:\проекты\projects_for_balsa\projects_for_balsa\debug\mult_ellements.obj
d:\проекты\projects_for_balsa\projects_for_balsa\debug\outputarray.obj
d:\проекты\projects_for_balsa\projects_for_balsa\debug\mainmenu.obj
d:\проекты\projects_for_balsa\projects_for_balsa\debug\main.obj
d:\проекты\projects_for_balsa\projects_for_balsa\debug\looking_for_minus_elements.obj
d:\проекты\projects_for_balsa\projects_for_balsa\debug\inputdoulbearray.obj
d:\проекты\projects_for_balsa\projects_for_balsa\debug\inputarray.obj
d:\проекты\projects_for_balsa\projects_for_balsa\debug\change_array.obj
d:\проекты\projects_for_balsa\debug\projects_for_balsa.exe
d:\проекты\projects_for_balsa\debug\projects_for_balsa.ilk
d:\проекты\projects_for_balsa\debug\projects_for_balsa.pdb
d:\проекты\projects_for_balsa\projects_for_balsa\debug\projects.9bff551c.tlog\cl.command.1.tlog
d:\проекты\projects_for_balsa\projects_for_balsa\debug\projects.9bff551c.tlog\cl.read.1.tlog
d:\проекты\projects_for_balsa\projects_for_balsa\debug\projects.9bff551c.tlog\cl.write.1.tlog
d:\проекты\projects_for_balsa\projects_for_balsa\debug\projects.9bff551c.tlog\link.command.1.tlog
d:\проекты\projects_for_balsa\projects_for_balsa\debug\projects.9bff551c.tlog\link.read.1.tlog
d:\проекты\projects_for_balsa\projects_for_balsa\debug\projects.9bff551c.tlog\link.write.1.tlog
